Determining if the pthread_create exist failed with the following output:
Change Dir: /home/mkhuthir/catkin_ws/build/CMakeFiles/CMakeTmp

Run Build Command:"/usr/bin/make" "cmTC_d718a/fast"
/usr/bin/make -f CMakeFiles/cmTC_d718a.dir/build.make CMakeFiles/cmTC_d718a.dir/build
make[1]: Entering directory '/home/mkhuthir/catkin_ws/build/CMakeFiles/CMakeTmp'
Building C object CMakeFiles/cmTC_d718a.dir/CheckSymbolExists.c.o
/usr/bin/cc     -o CMakeFiles/cmTC_d718a.dir/CheckSymbolExists.c.o   -c /home/mkhuthir/catkin_ws/build/CMakeFiles/CMakeTmp/CheckSymbolExists.c
Linking C executable cmTC_d718a
/usr/bin/cmake -E cmake_link_script CMakeFiles/cmTC_d718a.dir/link.txt --verbose=1
/usr/bin/cc       CMakeFiles/cmTC_d718a.dir/CheckSymbolExists.c.o  -o cmTC_d718a -rdynamic 
CMakeFiles/cmTC_d718a.dir/CheckSymbolExists.c.o: In function `main':
CheckSymbolExists.c:(.text+0x16): undefined reference to `pthread_create'
collect2: error: ld returned 1 exit status
CMakeFiles/cmTC_d718a.dir/build.make:97: recipe for target 'cmTC_d718a' failed
make[1]: *** [cmTC_d718a] Error 1
make[1]: Leaving directory '/home/mkhuthir/catkin_ws/build/CMakeFiles/CMakeTmp'
Makefile:126: recipe for target 'cmTC_d718a/fast' failed
make: *** [cmTC_d718a/fast] Error 2

File /home/mkhuthir/catkin_ws/build/CMakeFiles/CMakeTmp/CheckSymbolExists.c:
/* */
#include <pthread.h>

int main(int argc, char** argv)
{
  (void)argv;
#ifndef pthread_create
  return ((int*)(&pthread_create))[argc];
#else
  (void)argc;
  return 0;
#endif
}

Determining if the function pthread_create exists in the pthreads failed with the following output:
Change Dir: /home/mkhuthir/catkin_ws/build/CMakeFiles/CMakeTmp

Run Build Command:"/usr/bin/make" "cmTC_4817d/fast"
/usr/bin/make -f CMakeFiles/cmTC_4817d.dir/build.make CMakeFiles/cmTC_4817d.dir/build
make[1]: Entering directory '/home/mkhuthir/catkin_ws/build/CMakeFiles/CMakeTmp'
Building C object CMakeFiles/cmTC_4817d.dir/CheckFunctionExists.c.o
/usr/bin/cc    -DCHECK_FUNCTION_EXISTS=pthread_create   -o CMakeFiles/cmTC_4817d.dir/CheckFunctionExists.c.o   -c /usr/share/cmake-3.5/Modules/CheckFunctionExists.c
Linking C executable cmTC_4817d
/usr/bin/cmake -E cmake_link_script CMakeFiles/cmTC_4817d.dir/link.txt --verbose=1
/usr/bin/cc   -DCHECK_FUNCTION_EXISTS=pthread_create    CMakeFiles/cmTC_4817d.dir/CheckFunctionExists.c.o  -o cmTC_4817d -rdynamic -lpthreads 
/usr/bin/ld: cannot find -lpthreads
collect2: error: ld returned 1 exit status
CMakeFiles/cmTC_4817d.dir/build.make:97: recipe for target 'cmTC_4817d' failed
make[1]: *** [cmTC_4817d] Error 1
make[1]: Leaving directory '/home/mkhuthir/catkin_ws/build/CMakeFiles/CMakeTmp'
Makefile:126: recipe for target 'cmTC_4817d/fast' failed
make: *** [cmTC_4817d/fast] Error 2


